<?xml version="1.0" encoding="UTF-8"?>
<!-- Generated by org.testng.reporters.JUnitReportReporter -->
<testsuite hostname="preeti-laptop" failures="0" tests="13" name="tm.qa.testcases.HomePageTestCase" time="0.036" errors="2" timestamp="02 Apr. 2020 03:06:02 GMT" skipped="11">
  <testcase classname="tm.qa.testcases.HomePageTestCase" name="teardown" time="0.031">
    <error type="java.lang.NullPointerException">
      <![CDATA[java.lang.NullPointerException
at tm.qa.testcases.HomePageTestCase.teardown(HomePageTestCase.java:120)
at java.base/jdk.internal.reflect.NativeMethodAccessorImpl.invoke0(Native Method)
at java.base/jdk.internal.reflect.NativeMethodAccessorImpl.invoke(NativeMethodAccessorImpl.java:62)
at java.base/jdk.internal.reflect.DelegatingMethodAccessorImpl.invoke(DelegatingMethodAccessorImpl.java:43)
at java.base/java.lang.reflect.Method.invoke(Method.java:567)
at org.testng.internal.MethodInvocationHelper.invokeMethod(MethodInvocationHelper.java:124)
at org.testng.internal.MethodInvocationHelper.invokeMethodConsideringTimeout(MethodInvocationHelper.java:59)
at org.testng.internal.Invoker.invokeConfigurationMethod(Invoker.java:458)
at org.testng.internal.Invoker.invokeConfigurations(Invoker.java:222)
at org.testng.internal.Invoker.invokeMethod(Invoker.java:646)
at org.testng.internal.Invoker.invokeTestMethod(Invoker.java:719)
at org.testng.internal.Invoker.invokeTestMethods(Invoker.java:989)
at org.testng.internal.TestMethodWorker.invokeTestMethods(TestMethodWorker.java:125)
at org.testng.internal.TestMethodWorker.run(TestMethodWorker.java:109)
at org.testng.TestRunner.privateRun(TestRunner.java:648)
at org.testng.TestRunner.run(TestRunner.java:505)
at org.testng.SuiteRunner.runTest(SuiteRunner.java:455)
at org.testng.SuiteRunner.runSequentially(SuiteRunner.java:450)
at org.testng.SuiteRunner.privateRun(SuiteRunner.java:415)
at org.testng.SuiteRunner.run(SuiteRunner.java:364)
at org.testng.SuiteRunnerWorker.runSuite(SuiteRunnerWorker.java:52)
at org.testng.SuiteRunnerWorker.run(SuiteRunnerWorker.java:84)
at org.testng.TestNG.runSuitesSequentially(TestNG.java:1208)
at org.testng.TestNG.runSuitesLocally(TestNG.java:1137)
at org.testng.TestNG.runSuites(TestNG.java:1049)
at org.testng.TestNG.run(TestNG.java:1017)
at org.testng.remote.AbstractRemoteTestNG.run(AbstractRemoteTestNG.java:115)
at org.testng.remote.RemoteTestNG.initAndRun(RemoteTestNG.java:251)
at org.testng.remote.RemoteTestNG.main(RemoteTestNG.java:77)
]]>
    </error>
  </testcase> <!-- teardown -->
  <testcase classname="tm.qa.testcases.HomePageTestCase" name="HomeLink" time="0.005">
    <error type="java.lang.NullPointerException">
      <![CDATA[java.lang.NullPointerException
at org.openqa.selenium.support.pagefactory.DefaultElementLocator.findElement(DefaultElementLocator.java:69)
at org.openqa.selenium.support.pagefactory.internal.LocatingElementHandler.invoke(LocatingElementHandler.java:38)
at com.sun.proxy.$Proxy12.click(Unknown Source)
at tm.qa.pages.HomePage.validHomeBtn(HomePage.java:60)
at tm.qa.testcases.HomePageTestCase.HomeLink(HomePageTestCase.java:38)
at java.base/jdk.internal.reflect.NativeMethodAccessorImpl.invoke0(Native Method)
at java.base/jdk.internal.reflect.NativeMethodAccessorImpl.invoke(NativeMethodAccessorImpl.java:62)
at java.base/jdk.internal.reflect.DelegatingMethodAccessorImpl.invoke(DelegatingMethodAccessorImpl.java:43)
at java.base/java.lang.reflect.Method.invoke(Method.java:567)
at org.testng.internal.MethodInvocationHelper.invokeMethod(MethodInvocationHelper.java:124)
at org.testng.internal.Invoker.invokeMethod(Invoker.java:583)
at org.testng.internal.Invoker.invokeTestMethod(Invoker.java:719)
at org.testng.internal.Invoker.invokeTestMethods(Invoker.java:989)
at org.testng.internal.TestMethodWorker.invokeTestMethods(TestMethodWorker.java:125)
at org.testng.internal.TestMethodWorker.run(TestMethodWorker.java:109)
at org.testng.TestRunner.privateRun(TestRunner.java:648)
at org.testng.TestRunner.run(TestRunner.java:505)
at org.testng.SuiteRunner.runTest(SuiteRunner.java:455)
at org.testng.SuiteRunner.runSequentially(SuiteRunner.java:450)
at org.testng.SuiteRunner.privateRun(SuiteRunner.java:415)
at org.testng.SuiteRunner.run(SuiteRunner.java:364)
at org.testng.SuiteRunnerWorker.runSuite(SuiteRunnerWorker.java:52)
at org.testng.SuiteRunnerWorker.run(SuiteRunnerWorker.java:84)
at org.testng.TestNG.runSuitesSequentially(TestNG.java:1208)
at org.testng.TestNG.runSuitesLocally(TestNG.java:1137)
at org.testng.TestNG.runSuites(TestNG.java:1049)
at org.testng.TestNG.run(TestNG.java:1017)
at org.testng.remote.AbstractRemoteTestNG.run(AbstractRemoteTestNG.java:115)
at org.testng.remote.RemoteTestNG.initAndRun(RemoteTestNG.java:251)
at org.testng.remote.RemoteTestNG.main(RemoteTestNG.java:77)
]]>
    </error>
  </testcase> <!-- HomeLink -->
  <testcase classname="tm.qa.testcases.HomePageTestCase" name="signin" time="0.000">
    <skipped/>
  </testcase> <!-- signin -->
  <testcase classname="tm.qa.testcases.HomePageTestCase" name="signup" time="0.000">
    <skipped/>
  </testcase> <!-- signup -->
  <testcase classname="tm.qa.testcases.HomePageTestCase" name="logoTest" time="0.000">
    <skipped/>
  </testcase> <!-- logoTest -->
  <testcase classname="tm.qa.testcases.HomePageTestCase" name="getAQuote" time="0.000">
    <skipped/>
  </testcase> <!-- getAQuote -->
  <testcase classname="tm.qa.testcases.HomePageTestCase" name="insurancePlan" time="0.000">
    <skipped/>
  </testcase> <!-- insurancePlan -->
  <testcase classname="tm.qa.testcases.HomePageTestCase" name="superVisaVsingle" time="0.000">
    <skipped/>
  </testcase> <!-- superVisaVsingle -->
  <testcase classname="tm.qa.testcases.HomePageTestCase" name="bottomgetAQuote" time="0.000">
    <skipped/>
  </testcase> <!-- bottomgetAQuote -->
  <testcase classname="tm.qa.testcases.HomePageTestCase" name="AboutUsLink" time="0.000">
    <skipped/>
  </testcase> <!-- AboutUsLink -->
  <testcase classname="tm.qa.testcases.HomePageTestCase" name="PrivacyAndPolicyLink" time="0.000">
    <skipped/>
  </testcase> <!-- PrivacyAndPolicyLink -->
  <testcase classname="tm.qa.testcases.HomePageTestCase" name="TermsAndCondiLink" time="0.000">
    <skipped/>
  </testcase> <!-- TermsAndCondiLink -->
  <testcase classname="tm.qa.testcases.HomePageTestCase" name="EmailsLink" time="0.000">
    <skipped/>
  </testcase> <!-- EmailsLink -->
</testsuite> <!-- tm.qa.testcases.HomePageTestCase -->
